2019-01-03 14:15:23.515 [ERROR] com.jfinal.core.ActionHandler - /security/user/logout
org.apache.shiro.cache.CacheException: java.lang.ClassCastException: net.sf.ehcache.Element cannot be cast to net.sf.ehcache.Element
	at org.apache.shiro.cache.ehcache.EhCache.remove(EhCache.java:124)
	at org.apache.shiro.realm.AuthorizingRealm.clearCachedAuthorizationInfo(AuthorizingRealm.java:386)
	at org.apache.shiro.realm.AuthorizingRealm.doClearCache(AuthorizingRealm.java:663)
	at org.apache.shiro.realm.CachingRealm.clearCache(CachingRealm.java:170)
	at org.apache.shiro.realm.CachingRealm.onLogout(CachingRealm.java:152)
	at org.apache.shiro.authc.pam.ModularRealmAuthenticator.onLogout(ModularRealmAuthenticator.java:290)
	at org.apache.shiro.mgt.DefaultSecurityManager.logout(DefaultSecurityManager.java:562)
	at org.apache.shiro.subject.support.DelegatingSubject.logout(DelegatingSubject.java:367)
	at jzero.admin.controller.UserController.logout(UserController.java:485)
	at sun.reflect.NativeMethodAccessorImpl.invoke0(Native Method)
	at sun.reflect.NativeMethodAccessorImpl.invoke(Unknown Source)
	at sun.reflect.DelegatingMethodAccessorImpl.invoke(Unknown Source)
	at java.lang.reflect.Method.invoke(Unknown Source)
	at com.jfinal.aop.Invocation.invoke(Invocation.java:75)
	at com.jfinal.core.ActionHandler.handle(ActionHandler.java:81)
	at com.jfinal.plugin.druid.DruidStatViewHandler.handle(DruidStatViewHandler.java:81)
	at com.jfinal.core.JFinalFilter.doFilter(JFinalFilter.java:86)
	at io.undertow.servlet.core.ManagedFilter.doFilter(ManagedFilter.java:61)
	at io.undertow.servlet.handlers.FilterHandler$FilterChainImpl.doFilter(FilterHandler.java:131)
	at org.apache.shiro.web.servlet.ProxiedFilterChain.doFilter(ProxiedFilterChain.java:61)
	at org.apache.shiro.web.servlet.AdviceFilter.executeChain(AdviceFilter.java:108)
	at org.apache.shiro.web.servlet.AdviceFilter.doFilterInternal(AdviceFilter.java:137)
	at org.apache.shiro.web.servlet.OncePerRequestFilter.doFilter(OncePerRequestFilter.java:125)
	at org.apache.shiro.web.servlet.ProxiedFilterChain.doFilter(ProxiedFilterChain.java:66)
	at org.apache.shiro.web.servlet.AdviceFilter.executeChain(AdviceFilter.java:108)
	at org.apache.shiro.web.servlet.AdviceFilter.doFilterInternal(AdviceFilter.java:137)
	at org.apache.shiro.web.servlet.OncePerRequestFilter.doFilter(OncePerRequestFilter.java:125)
	at org.apache.shiro.web.servlet.ProxiedFilterChain.doFilter(ProxiedFilterChain.java:66)
	at org.apache.shiro.web.servlet.AbstractShiroFilter.executeChain(AbstractShiroFilter.java:449)
	at org.apache.shiro.web.servlet.AbstractShiroFilter$1.call(AbstractShiroFilter.java:365)
	at org.apache.shiro.subject.support.SubjectCallable.doCall(SubjectCallable.java:90)
	at org.apache.shiro.subject.support.SubjectCallable.call(SubjectCallable.java:83)
	at org.apache.shiro.subject.support.DelegatingSubject.execute(DelegatingSubject.java:387)
	at org.apache.shiro.web.servlet.AbstractShiroFilter.doFilterInternal(AbstractShiroFilter.java:362)
	at org.apache.shiro.web.servlet.OncePerRequestFilter.doFilter(OncePerRequestFilter.java:125)
	at io.undertow.servlet.core.ManagedFilter.doFilter(ManagedFilter.java:61)
	at io.undertow.servlet.handlers.FilterHandler$FilterChainImpl.doFilter(FilterHandler.java:131)
	at io.undertow.servlet.handlers.FilterHandler.handleRequest(FilterHandler.java:84)
	at io.undertow.servlet.handlers.security.ServletSecurityRoleHandler.handleRequest(ServletSecurityRoleHandler.java:62)
	at io.undertow.servlet.handlers.ServletChain$1.handleRequest(ServletChain.java:68)
	at io.undertow.servlet.handlers.ServletDispatchingHandler.handleRequest(ServletDispatchingHandler.java:36)
	at io.undertow.servlet.handlers.security.SSLInformationAssociationHandler.handleRequest(SSLInformationAssociationHandler.java:132)
	at io.undertow.servlet.handlers.security.ServletAuthenticationCallHandler.handleRequest(ServletAuthenticationCallHandler.java:57)
	at io.undertow.server.handlers.PredicateHandler.handleRequest(PredicateHandler.java:43)
	at io.undertow.security.handlers.AbstractConfidentialityHandler.handleRequest(AbstractConfidentialityHandler.java:46)
	at io.undertow.servlet.handlers.security.ServletConfidentialityConstraintHandler.handleRequest(ServletConfidentialityConstraintHandler.java:64)
	at io.undertow.security.handlers.AuthenticationMechanismsHandler.handleRequest(AuthenticationMechanismsHandler.java:60)
	at io.undertow.servlet.handlers.security.CachedAuthenticatedSessionHandler.handleRequest(CachedAuthenticatedSessionHandler.java:77)
	at io.undertow.security.handlers.AbstractSecurityContextAssociationHandler.handleRequest(AbstractSecurityContextAssociationHandler.java:43)
	at io.undertow.server.handlers.PredicateHandler.handleRequest(PredicateHandler.java:43)
	at io.undertow.server.handlers.PredicateHandler.handleRequest(PredicateHandler.java:43)
	at io.undertow.servlet.handlers.ServletInitialHandler.handleFirstRequest(ServletInitialHandler.java:292)
	at io.undertow.servlet.handlers.ServletInitialHandler.access$100(ServletInitialHandler.java:81)
	at io.undertow.servlet.handlers.ServletInitialHandler$2.call(ServletInitialHandler.java:138)
	at io.undertow.servlet.handlers.ServletInitialHandler$2.call(ServletInitialHandler.java:135)
	at io.undertow.servlet.core.ServletRequestContextThreadSetupAction$1.call(ServletRequestContextThreadSetupAction.java:48)
	at io.undertow.servlet.core.ContextClassLoaderSetupAction$1.call(ContextClassLoaderSetupAction.java:43)
	at io.undertow.servlet.handlers.ServletInitialHandler.dispatchRequest(ServletInitialHandler.java:272)
	at io.undertow.servlet.handlers.ServletInitialHandler.access$000(ServletInitialHandler.java:81)
	at io.undertow.servlet.handlers.ServletInitialHandler$1.handleRequest(ServletInitialHandler.java:104)
	at io.undertow.server.Connectors.executeRootHandler(Connectors.java:360)
	at io.undertow.server.HttpServerExchange$1.run(HttpServerExchange.java:830)
	at java.util.concurrent.ThreadPoolExecutor.runWorker(Unknown Source)
	at java.util.concurrent.ThreadPoolExecutor$Worker.run(Unknown Source)
	at java.lang.Thread.run(Unknown Source)
Caused by: java.lang.ClassCastException: net.sf.ehcache.Element cannot be cast to net.sf.ehcache.Element
	at net.sf.ehcache.store.disk.DiskStorageFactory.read(DiskStorageFactory.java:371)
	at net.sf.ehcache.store.disk.DiskStorageFactory.retrieve(DiskStorageFactory.java:864)
	at net.sf.ehcache.store.disk.Segment.decode(Segment.java:171)
	at net.sf.ehcache.store.disk.Segment.remove(Segment.java:644)
	at net.sf.ehcache.store.disk.DiskStore.remove(DiskStore.java:625)
	at net.sf.ehcache.store.CacheStore.remove(CacheStore.java:236)
	at net.sf.ehcache.Cache.removeInternal(Cache.java:2420)
	at net.sf.ehcache.Cache.remove(Cache.java:2325)
	at net.sf.ehcache.Cache.remove(Cache.java:2244)
	at org.apache.shiro.cache.ehcache.EhCache.remove(EhCache.java:121)
	... 64 common frames omitted
2019-01-03 14:15:48.835 [ERROR] com.jfinal.core.ActionHandler - /security/user/logout
org.apache.shiro.cache.CacheException: org.apache.shiro.cache.CacheException: java.lang.ClassCastException: net.sf.ehcache.Element cannot be cast to net.sf.ehcache.Element
	at org.apache.shiro.cache.ehcache.EhCache.remove(EhCache.java:124)
	at org.apache.shiro.realm.AuthorizingRealm.clearCachedAuthorizationInfo(AuthorizingRealm.java:386)
	at org.apache.shiro.realm.AuthorizingRealm.doClearCache(AuthorizingRealm.java:663)
	at org.apache.shiro.realm.CachingRealm.clearCache(CachingRealm.java:170)
	at org.apache.shiro.realm.CachingRealm.onLogout(CachingRealm.java:152)
	at org.apache.shiro.authc.pam.ModularRealmAuthenticator.onLogout(ModularRealmAuthenticator.java:290)
	at org.apache.shiro.mgt.DefaultSecurityManager.logout(DefaultSecurityManager.java:562)
	at org.apache.shiro.subject.support.DelegatingSubject.logout(DelegatingSubject.java:367)
	at jzero.admin.controller.UserController.logout(UserController.java:485)
	at sun.reflect.NativeMethodAccessorImpl.invoke0(Native Method)
	at sun.reflect.NativeMethodAccessorImpl.invoke(Unknown Source)
	at sun.reflect.DelegatingMethodAccessorImpl.invoke(Unknown Source)
	at java.lang.reflect.Method.invoke(Unknown Source)
	at com.jfinal.aop.Invocation.invoke(Invocation.java:75)
	at com.jfinal.core.ActionHandler.handle(ActionHandler.java:81)
	at com.jfinal.plugin.druid.DruidStatViewHandler.handle(DruidStatViewHandler.java:81)
	at com.jfinal.core.JFinalFilter.doFilter(JFinalFilter.java:86)
	at io.undertow.servlet.core.ManagedFilter.doFilter(ManagedFilter.java:61)
	at io.undertow.servlet.handlers.FilterHandler$FilterChainImpl.doFilter(FilterHandler.java:131)
	at org.apache.shiro.web.servlet.ProxiedFilterChain.doFilter(ProxiedFilterChain.java:61)
	at org.apache.shiro.web.servlet.AdviceFilter.executeChain(AdviceFilter.java:108)
	at org.apache.shiro.web.servlet.AdviceFilter.doFilterInternal(AdviceFilter.java:137)
	at org.apache.shiro.web.servlet.OncePerRequestFilter.doFilter(OncePerRequestFilter.java:125)
	at org.apache.shiro.web.servlet.ProxiedFilterChain.doFilter(ProxiedFilterChain.java:66)
	at org.apache.shiro.web.servlet.AdviceFilter.executeChain(AdviceFilter.java:108)
	at org.apache.shiro.web.servlet.AdviceFilter.doFilterInternal(AdviceFilter.java:137)
	at org.apache.shiro.web.servlet.OncePerRequestFilter.doFilter(OncePerRequestFilter.java:125)
	at org.apache.shiro.web.servlet.ProxiedFilterChain.doFilter(ProxiedFilterChain.java:66)
	at org.apache.shiro.web.servlet.AbstractShiroFilter.executeChain(AbstractShiroFilter.java:449)
	at org.apache.shiro.web.servlet.AbstractShiroFilter$1.call(AbstractShiroFilter.java:365)
	at org.apache.shiro.subject.support.SubjectCallable.doCall(SubjectCallable.java:90)
	at org.apache.shiro.subject.support.SubjectCallable.call(SubjectCallable.java:83)
	at org.apache.shiro.subject.support.DelegatingSubject.execute(DelegatingSubject.java:387)
	at org.apache.shiro.web.servlet.AbstractShiroFilter.doFilterInternal(AbstractShiroFilter.java:362)
	at org.apache.shiro.web.servlet.OncePerRequestFilter.doFilter(OncePerRequestFilter.java:125)
	at io.undertow.servlet.core.ManagedFilter.doFilter(ManagedFilter.java:61)
	at io.undertow.servlet.handlers.FilterHandler$FilterChainImpl.doFilter(FilterHandler.java:131)
	at io.undertow.servlet.handlers.FilterHandler.handleRequest(FilterHandler.java:84)
	at io.undertow.servlet.handlers.security.ServletSecurityRoleHandler.handleRequest(ServletSecurityRoleHandler.java:62)
	at io.undertow.servlet.handlers.ServletChain$1.handleRequest(ServletChain.java:68)
	at io.undertow.servlet.handlers.ServletDispatchingHandler.handleRequest(ServletDispatchingHandler.java:36)
	at io.undertow.servlet.handlers.security.SSLInformationAssociationHandler.handleRequest(SSLInformationAssociationHandler.java:132)
	at io.undertow.servlet.handlers.security.ServletAuthenticationCallHandler.handleRequest(ServletAuthenticationCallHandler.java:57)
	at io.undertow.server.handlers.PredicateHandler.handleRequest(PredicateHandler.java:43)
	at io.undertow.security.handlers.AbstractConfidentialityHandler.handleRequest(AbstractConfidentialityHandler.java:46)
	at io.undertow.servlet.handlers.security.ServletConfidentialityConstraintHandler.handleRequest(ServletConfidentialityConstraintHandler.java:64)
	at io.undertow.security.handlers.AuthenticationMechanismsHandler.handleRequest(AuthenticationMechanismsHandler.java:60)
	at io.undertow.servlet.handlers.security.CachedAuthenticatedSessionHandler.handleRequest(CachedAuthenticatedSessionHandler.java:77)
	at io.undertow.security.handlers.AbstractSecurityContextAssociationHandler.handleRequest(AbstractSecurityContextAssociationHandler.java:43)
	at io.undertow.server.handlers.PredicateHandler.handleRequest(PredicateHandler.java:43)
	at io.undertow.server.handlers.PredicateHandler.handleRequest(PredicateHandler.java:43)
	at io.undertow.servlet.handlers.ServletInitialHandler.handleFirstRequest(ServletInitialHandler.java:292)
	at io.undertow.servlet.handlers.ServletInitialHandler.access$100(ServletInitialHandler.java:81)
	at io.undertow.servlet.handlers.ServletInitialHandler$2.call(ServletInitialHandler.java:138)
	at io.undertow.servlet.handlers.ServletInitialHandler$2.call(ServletInitialHandler.java:135)
	at io.undertow.servlet.core.ServletRequestContextThreadSetupAction$1.call(ServletRequestContextThreadSetupAction.java:48)
	at io.undertow.servlet.core.ContextClassLoaderSetupAction$1.call(ContextClassLoaderSetupAction.java:43)
	at io.undertow.servlet.handlers.ServletInitialHandler.dispatchRequest(ServletInitialHandler.java:272)
	at io.undertow.servlet.handlers.ServletInitialHandler.access$000(ServletInitialHandler.java:81)
	at io.undertow.servlet.handlers.ServletInitialHandler$1.handleRequest(ServletInitialHandler.java:104)
	at io.undertow.server.Connectors.executeRootHandler(Connectors.java:360)
	at io.undertow.server.HttpServerExchange$1.run(HttpServerExchange.java:830)
	at java.util.concurrent.ThreadPoolExecutor.runWorker(Unknown Source)
	at java.util.concurrent.ThreadPoolExecutor$Worker.run(Unknown Source)
	at java.lang.Thread.run(Unknown Source)
Caused by: org.apache.shiro.cache.CacheException: java.lang.ClassCastException: net.sf.ehcache.Element cannot be cast to net.sf.ehcache.Element
	at org.apache.shiro.cache.ehcache.EhCache.get(EhCache.java:84)
	at org.apache.shiro.cache.ehcache.EhCache.remove(EhCache.java:120)
	... 64 common frames omitted
Caused by: java.lang.ClassCastException: net.sf.ehcache.Element cannot be cast to net.sf.ehcache.Element
	at net.sf.ehcache.store.disk.DiskStorageFactory.read(DiskStorageFactory.java:371)
	at net.sf.ehcache.store.disk.DiskStorageFactory.retrieve(DiskStorageFactory.java:887)
	at net.sf.ehcache.store.disk.Segment.decodeHit(Segment.java:182)
	at net.sf.ehcache.store.disk.Segment.get(Segment.java:225)
	at net.sf.ehcache.store.disk.DiskStore.fault(DiskStore.java:210)
	at net.sf.ehcache.store.CacheStore$4.call(CacheStore.java:198)
	at net.sf.ehcache.store.CacheStore$4.call(CacheStore.java:192)
	at net.sf.ehcache.store.cachingtier.OnHeapCachingTier$Fault.get(OnHeapCachingTier.java:335)
	at net.sf.ehcache.store.cachingtier.OnHeapCachingTier$Fault.access$200(OnHeapCachingTier.java:312)
	at net.sf.ehcache.store.cachingtier.OnHeapCachingTier.get(OnHeapCachingTier.java:176)
	at net.sf.ehcache.store.CacheStore.get(CacheStore.java:192)
	at net.sf.ehcache.Cache.get(Cache.java:1749)
	at org.apache.shiro.cache.ehcache.EhCache.get(EhCache.java:72)
	... 65 common frames omitted
2019-01-03 21:41:45.815 [ERROR] org.apache.shiro.web.env.EnvironmentLoader - Shiro environment initialization failed
org.apache.shiro.cache.CacheException: net.sf.ehcache.CacheException: Another unnamed CacheManager already exists in the same VM. Please provide unique names for each CacheManager in the config or do one of following:
1. Use one of the CacheManager.create() static factory methods to reuse same CacheManager with same name or create one if necessary
2. Shutdown the earlier cacheManager before creating new one with same name.
The source of the existing CacheManager is: InputStreamConfigurationSource [stream=java.io.BufferedInputStream@434a63ab]
	at org.apache.shiro.cache.ehcache.EhCacheManager.ensureCacheManager(EhCacheManager.java:223)
	at org.apache.shiro.cache.ehcache.EhCacheManager.init(EhCacheManager.java:198)
	at org.apache.shiro.util.LifecycleUtils.init(LifecycleUtils.java:45)
	at org.apache.shiro.util.LifecycleUtils.init(LifecycleUtils.java:40)
	at org.apache.shiro.config.ReflectionBuilder$BeanConfigurationProcessor.execute(ReflectionBuilder.java:819)
	at org.apache.shiro.config.ReflectionBuilder.buildObjects(ReflectionBuilder.java:278)
	at org.apache.shiro.config.IniSecurityManagerFactory.buildInstances(IniSecurityManagerFactory.java:181)
	at org.apache.shiro.config.IniSecurityManagerFactory.createSecurityManager(IniSecurityManagerFactory.java:139)
	at org.apache.shiro.config.IniSecurityManagerFactory.createSecurityManager(IniSecurityManagerFactory.java:107)
	at org.apache.shiro.config.IniSecurityManagerFactory.createInstance(IniSecurityManagerFactory.java:98)
	at org.apache.shiro.config.IniSecurityManagerFactory.createInstance(IniSecurityManagerFactory.java:47)
	at org.apache.shiro.config.IniFactorySupport.createInstance(IniFactorySupport.java:150)
	at org.apache.shiro.util.AbstractFactory.getInstance(AbstractFactory.java:47)
	at org.apache.shiro.web.env.IniWebEnvironment.createWebSecurityManager(IniWebEnvironment.java:293)
	at org.apache.shiro.web.env.IniWebEnvironment.configure(IniWebEnvironment.java:119)
	at org.apache.shiro.web.env.IniWebEnvironment.init(IniWebEnvironment.java:71)
	at jzero.base.shiro.ShiroIniWebEnvironment.init(ShiroIniWebEnvironment.java:30)
	at org.apache.shiro.util.LifecycleUtils.init(LifecycleUtils.java:45)
	at org.apache.shiro.util.LifecycleUtils.init(LifecycleUtils.java:40)
	at org.apache.shiro.web.env.EnvironmentLoader.createEnvironment(EnvironmentLoader.java:313)
	at org.apache.shiro.web.env.EnvironmentLoader.initEnvironment(EnvironmentLoader.java:139)
	at org.apache.shiro.web.env.EnvironmentLoaderListener.contextInitialized(EnvironmentLoaderListener.java:58)
	at io.undertow.servlet.core.ApplicationListeners.contextInitialized(ApplicationListeners.java:187)
	at io.undertow.servlet.core.DeploymentManagerImpl$1.call(DeploymentManagerImpl.java:216)
	at io.undertow.servlet.core.DeploymentManagerImpl$1.call(DeploymentManagerImpl.java:185)
	at io.undertow.servlet.core.ServletRequestContextThreadSetupAction$1.call(ServletRequestContextThreadSetupAction.java:42)
	at io.undertow.servlet.core.ContextClassLoaderSetupAction$1.call(ContextClassLoaderSetupAction.java:43)
	at io.undertow.servlet.core.DeploymentManagerImpl.deploy(DeploymentManagerImpl.java:250)
	at com.jfinal.server.undertow.UndertowServer.doStart(UndertowServer.java:246)
	at com.jfinal.server.undertow.UndertowServer.restart(UndertowServer.java:396)
	at com.jfinal.server.undertow.hotswap.HotSwapWatcher.doRun(HotSwapWatcher.java:133)
	at com.jfinal.server.undertow.hotswap.HotSwapWatcher.run(HotSwapWatcher.java:91)
Caused by: net.sf.ehcache.CacheException: Another unnamed CacheManager already exists in the same VM. Please provide unique names for each CacheManager in the config or do one of following:
1. Use one of the CacheManager.create() static factory methods to reuse same CacheManager with same name or create one if necessary
2. Shutdown the earlier cacheManager before creating new one with same name.
The source of the existing CacheManager is: InputStreamConfigurationSource [stream=java.io.BufferedInputStream@434a63ab]
	at net.sf.ehcache.CacheManager.assertNoCacheManagerExistsWithSameName(CacheManager.java:631)
	at net.sf.ehcache.CacheManager.init(CacheManager.java:395)
	at net.sf.ehcache.CacheManager.<init>(CacheManager.java:355)
	at org.apache.shiro.cache.ehcache.EhCacheManager.ensureCacheManager(EhCacheManager.java:212)
	... 31 common frames omitted
2019-01-03 21:44:57.985 [ERROR] com.jfinal.core.ActionHandler - /security/user/logout
org.apache.shiro.cache.CacheException: java.lang.ClassCastException: net.sf.ehcache.Element cannot be cast to net.sf.ehcache.Element
	at org.apache.shiro.cache.ehcache.EhCache.remove(EhCache.java:124)
	at org.apache.shiro.realm.AuthorizingRealm.clearCachedAuthorizationInfo(AuthorizingRealm.java:386)
	at org.apache.shiro.realm.AuthorizingRealm.doClearCache(AuthorizingRealm.java:663)
	at org.apache.shiro.realm.CachingRealm.clearCache(CachingRealm.java:170)
	at org.apache.shiro.realm.CachingRealm.onLogout(CachingRealm.java:152)
	at org.apache.shiro.authc.pam.ModularRealmAuthenticator.onLogout(ModularRealmAuthenticator.java:290)
	at org.apache.shiro.mgt.DefaultSecurityManager.logout(DefaultSecurityManager.java:562)
	at org.apache.shiro.subject.support.DelegatingSubject.logout(DelegatingSubject.java:367)
	at jzero.admin.controller.UserController.logout(UserController.java:479)
	at sun.reflect.NativeMethodAccessorImpl.invoke0(Native Method)
	at sun.reflect.NativeMethodAccessorImpl.invoke(Unknown Source)
	at sun.reflect.DelegatingMethodAccessorImpl.invoke(Unknown Source)
	at java.lang.reflect.Method.invoke(Unknown Source)
	at com.jfinal.aop.Invocation.invoke(Invocation.java:75)
	at com.jfinal.core.ActionHandler.handle(ActionHandler.java:81)
	at com.jfinal.plugin.druid.DruidStatViewHandler.handle(DruidStatViewHandler.java:81)
	at com.jfinal.core.JFinalFilter.doFilter(JFinalFilter.java:86)
	at io.undertow.servlet.core.ManagedFilter.doFilter(ManagedFilter.java:61)
	at io.undertow.servlet.handlers.FilterHandler$FilterChainImpl.doFilter(FilterHandler.java:131)
	at org.apache.shiro.web.servlet.ProxiedFilterChain.doFilter(ProxiedFilterChain.java:61)
	at org.apache.shiro.web.servlet.AdviceFilter.executeChain(AdviceFilter.java:108)
	at org.apache.shiro.web.servlet.AdviceFilter.doFilterInternal(AdviceFilter.java:137)
	at org.apache.shiro.web.servlet.OncePerRequestFilter.doFilter(OncePerRequestFilter.java:125)
	at org.apache.shiro.web.servlet.ProxiedFilterChain.doFilter(ProxiedFilterChain.java:66)
	at org.apache.shiro.web.servlet.AdviceFilter.executeChain(AdviceFilter.java:108)
	at org.apache.shiro.web.servlet.AdviceFilter.doFilterInternal(AdviceFilter.java:137)
	at org.apache.shiro.web.servlet.OncePerRequestFilter.doFilter(OncePerRequestFilter.java:125)
	at org.apache.shiro.web.servlet.ProxiedFilterChain.doFilter(ProxiedFilterChain.java:66)
	at org.apache.shiro.web.servlet.AbstractShiroFilter.executeChain(AbstractShiroFilter.java:449)
	at org.apache.shiro.web.servlet.AbstractShiroFilter$1.call(AbstractShiroFilter.java:365)
	at org.apache.shiro.subject.support.SubjectCallable.doCall(SubjectCallable.java:90)
	at org.apache.shiro.subject.support.SubjectCallable.call(SubjectCallable.java:83)
	at org.apache.shiro.subject.support.DelegatingSubject.execute(DelegatingSubject.java:387)
	at org.apache.shiro.web.servlet.AbstractShiroFilter.doFilterInternal(AbstractShiroFilter.java:362)
	at org.apache.shiro.web.servlet.OncePerRequestFilter.doFilter(OncePerRequestFilter.java:125)
	at io.undertow.servlet.core.ManagedFilter.doFilter(ManagedFilter.java:61)
	at io.undertow.servlet.handlers.FilterHandler$FilterChainImpl.doFilter(FilterHandler.java:131)
	at io.undertow.servlet.handlers.FilterHandler.handleRequest(FilterHandler.java:84)
	at io.undertow.servlet.handlers.security.ServletSecurityRoleHandler.handleRequest(ServletSecurityRoleHandler.java:62)
	at io.undertow.servlet.handlers.ServletChain$1.handleRequest(ServletChain.java:68)
	at io.undertow.servlet.handlers.ServletDispatchingHandler.handleRequest(ServletDispatchingHandler.java:36)
	at io.undertow.servlet.handlers.security.SSLInformationAssociationHandler.handleRequest(SSLInformationAssociationHandler.java:132)
	at io.undertow.servlet.handlers.security.ServletAuthenticationCallHandler.handleRequest(ServletAuthenticationCallHandler.java:57)
	at io.undertow.server.handlers.PredicateHandler.handleRequest(PredicateHandler.java:43)
	at io.undertow.security.handlers.AbstractConfidentialityHandler.handleRequest(AbstractConfidentialityHandler.java:46)
	at io.undertow.servlet.handlers.security.ServletConfidentialityConstraintHandler.handleRequest(ServletConfidentialityConstraintHandler.java:64)
	at io.undertow.security.handlers.AuthenticationMechanismsHandler.handleRequest(AuthenticationMechanismsHandler.java:60)
	at io.undertow.servlet.handlers.security.CachedAuthenticatedSessionHandler.handleRequest(CachedAuthenticatedSessionHandler.java:77)
	at io.undertow.security.handlers.AbstractSecurityContextAssociationHandler.handleRequest(AbstractSecurityContextAssociationHandler.java:43)
	at io.undertow.server.handlers.PredicateHandler.handleRequest(PredicateHandler.java:43)
	at io.undertow.server.handlers.PredicateHandler.handleRequest(PredicateHandler.java:43)
	at io.undertow.servlet.handlers.ServletInitialHandler.handleFirstRequest(ServletInitialHandler.java:292)
	at io.undertow.servlet.handlers.ServletInitialHandler.access$100(ServletInitialHandler.java:81)
	at io.undertow.servlet.handlers.ServletInitialHandler$2.call(ServletInitialHandler.java:138)
	at io.undertow.servlet.handlers.ServletInitialHandler$2.call(ServletInitialHandler.java:135)
	at io.undertow.servlet.core.ServletRequestContextThreadSetupAction$1.call(ServletRequestContextThreadSetupAction.java:48)
	at io.undertow.servlet.core.ContextClassLoaderSetupAction$1.call(ContextClassLoaderSetupAction.java:43)
	at io.undertow.servlet.handlers.ServletInitialHandler.dispatchRequest(ServletInitialHandler.java:272)
	at io.undertow.servlet.handlers.ServletInitialHandler.access$000(ServletInitialHandler.java:81)
	at io.undertow.servlet.handlers.ServletInitialHandler$1.handleRequest(ServletInitialHandler.java:104)
	at io.undertow.server.Connectors.executeRootHandler(Connectors.java:360)
	at io.undertow.server.HttpServerExchange$1.run(HttpServerExchange.java:830)
	at java.util.concurrent.ThreadPoolExecutor.runWorker(Unknown Source)
	at java.util.concurrent.ThreadPoolExecutor$Worker.run(Unknown Source)
	at java.lang.Thread.run(Unknown Source)
Caused by: java.lang.ClassCastException: net.sf.ehcache.Element cannot be cast to net.sf.ehcache.Element
	at net.sf.ehcache.store.disk.DiskStorageFactory.read(DiskStorageFactory.java:371)
	at net.sf.ehcache.store.disk.DiskStorageFactory.retrieve(DiskStorageFactory.java:864)
	at net.sf.ehcache.store.disk.Segment.decode(Segment.java:171)
	at net.sf.ehcache.store.disk.Segment.remove(Segment.java:644)
	at net.sf.ehcache.store.disk.DiskStore.remove(DiskStore.java:625)
	at net.sf.ehcache.store.CacheStore.remove(CacheStore.java:236)
	at net.sf.ehcache.Cache.removeInternal(Cache.java:2420)
	at net.sf.ehcache.Cache.remove(Cache.java:2325)
	at net.sf.ehcache.Cache.remove(Cache.java:2244)
	at org.apache.shiro.cache.ehcache.EhCache.remove(EhCache.java:121)
	... 64 common frames omitted
